<?xml version="1.0" encoding="UTF-8" standalone="no"?>
<testsuite errors="0" failures="2" name="io.cucumber.core.plugin.JUnitFormatter" skipped="0" tests="2" time="2.974">
    <testcase classname="Swag Labs Login" name="Successful Login" time="1.886">
        <failure message="Unable to establish websocket connection to http://localhost:53233/devtools/browser/73d4b2ff-abbd-4bb8-aa26-dfffbb2418d0&#10;Build info: version: '4.2.1', revision: 'ac4d0fdd4a'&#10;System info: host: 'VIRUSPACKAGE', ip: '192.168.0.103', os.name: 'Windows 11', os.arch: 'amd64', os.version: '10.0', java.version: '17.0.6'&#10;Driver info: driver.version: ChromeDriver" type="org.openqa.selenium.remote.http.ConnectionFailedException"><![CDATA[Given I am on the Sauce Demo Login Page.....................................skipped
When I fill the account information for account StandardUser into the Username field and the Password field.skipped
And I click the Login Button................................................skipped
Then I am redirected to the Sauce Demo Main Page............................skipped
And I verify the App Logo exists............................................skipped

StackTrace:
org.openqa.selenium.remote.http.ConnectionFailedException: Unable to establish websocket connection to http://localhost:53233/devtools/browser/73d4b2ff-abbd-4bb8-aa26-dfffbb2418d0
Build info: version: '4.2.1', revision: 'ac4d0fdd4a'
System info: host: 'VIRUSPACKAGE', ip: '192.168.0.103', os.name: 'Windows 11', os.arch: 'amd64', os.version: '10.0', java.version: '17.0.6'
Driver info: driver.version: ChromeDriver
	at org.openqa.selenium.remote.http.netty.NettyWebSocket.<init>(NettyWebSocket.java:102)
	at org.openqa.selenium.remote.http.netty.NettyWebSocket.lambda$create$3(NettyWebSocket.java:128)
	at org.openqa.selenium.remote.http.netty.NettyClient.openSocket(NettyClient.java:106)
	at org.openqa.selenium.devtools.Connection.<init>(Connection.java:77)
	at org.openqa.selenium.chromium.ChromiumDriver.lambda$new$2(ChromiumDriver.java:116)
	at java.base/java.util.Optional.map(Optional.java:260)
	at org.openqa.selenium.chromium.ChromiumDriver.<init>(ChromiumDriver.java:114)
	at org.openqa.selenium.chrome.ChromeDriver.<init>(ChromeDriver.java:82)
	at org.openqa.selenium.chrome.ChromeDriver.<init>(ChromeDriver.java:50)
	at com.stepDefination.LoginToSauceDemo.setUp(LoginToSauceDemo.java:24)
]]></failure>
    </testcase>
    <testcase classname="Swag Labs Login" name="Failed Login" time="0.832">
        <failure message="Unable to establish websocket connection to http://localhost:53247/devtools/browser/66e38ab2-d046-4610-acf6-3d9ca5f5b0a4&#10;Build info: version: '4.2.1', revision: 'ac4d0fdd4a'&#10;System info: host: 'VIRUSPACKAGE', ip: '192.168.0.103', os.name: 'Windows 11', os.arch: 'amd64', os.version: '10.0', java.version: '17.0.6'&#10;Driver info: driver.version: ChromeDriver" type="org.openqa.selenium.remote.http.ConnectionFailedException"><![CDATA[Given I am on the Sauce Demo Login Page.....................................skipped
When I fill the account information for account LockedOutUser into the Username field and the Password field.skipped
And I click the Login Button................................................skipped
Then I verify the Error Message contains the text "Sorry, this user has been banned.".skipped
Then I close chrome browser.................................................skipped

StackTrace:
org.openqa.selenium.remote.http.ConnectionFailedException: Unable to establish websocket connection to http://localhost:53247/devtools/browser/66e38ab2-d046-4610-acf6-3d9ca5f5b0a4
Build info: version: '4.2.1', revision: 'ac4d0fdd4a'
System info: host: 'VIRUSPACKAGE', ip: '192.168.0.103', os.name: 'Windows 11', os.arch: 'amd64', os.version: '10.0', java.version: '17.0.6'
Driver info: driver.version: ChromeDriver
	at org.openqa.selenium.remote.http.netty.NettyWebSocket.<init>(NettyWebSocket.java:102)
	at org.openqa.selenium.remote.http.netty.NettyWebSocket.lambda$create$3(NettyWebSocket.java:128)
	at org.openqa.selenium.remote.http.netty.NettyClient.openSocket(NettyClient.java:106)
	at org.openqa.selenium.devtools.Connection.<init>(Connection.java:77)
	at org.openqa.selenium.chromium.ChromiumDriver.lambda$new$2(ChromiumDriver.java:116)
	at java.base/java.util.Optional.map(Optional.java:260)
	at org.openqa.selenium.chromium.ChromiumDriver.<init>(ChromiumDriver.java:114)
	at org.openqa.selenium.chrome.ChromeDriver.<init>(ChromeDriver.java:82)
	at org.openqa.selenium.chrome.ChromeDriver.<init>(ChromeDriver.java:50)
	at com.stepDefination.LoginToSauceDemo.setUp(LoginToSauceDemo.java:24)
]]></failure>
    </testcase>
</testsuite>
